Report       : ATmega8 + 4-Digit 7Segment
Date         : 08-15-2022
Time         : 16:02:23

Compiler     : BASCOM-AVR LIBRARY V 2.0.8.5
Processor    : M8
SRAM         : 400 hex
EEPROM       : 200 hex
ROMSIZE      : 2000 hex

ROMIMAGE     : A88 hex  -> Will fit into ROM
ROMIMAGE     :  2696 dec
FLASH USED   :  32  %
BAUD         : 9600 Baud
XTAL         : 4000000 Hz
BAUD error   : 0.16%

Stack start  : 45F hex
Stack size   : 28 hex
S-Stacksize  : 10 hex
S-Stackstart : 438 hex
Framesize    : 20 hex
Framestart   : 408 hex
Space left   :  884  dec

LCD DB7      : PORTB.7
LCD DB6      : PORTB.6
LCD DB5      : PORTB.5
LCD DB4      : PORTB.4
LCD E        : PORTB.3
LCD RS       : PORTB.2
LCD mode     :  4  bit

--------------------------------------------------------------------------------
Variable                         Type            Address(hex)   Address(dec)
--------------------------------------------------------------------------------
SP                               Word              005D          93 
TCNT1                            Word              004C          76 
OCR1A                            Word              004A          74 
OCR1B                            Word              0048          72 
ICR1                             Word              0046          70 
EEAR                             Word              003E          62 
ADC                              Word              0024          36 
TIMER1                           Word              004C          76 
COMPARE1A                        Word              004A          74 
COMPARE1B                        Word              0048          72 
PWM1A                            Word              004A          74 
PWM1B                            Word              0048          72 
CAPTURE1                         Word              0046          70 
HWSTACK                          Word              005D          93 
SWSTACK                          Word              001C          28 
FRAME                            Word              0004          4 
R0                                                 0000          0 
R1                                                 0001          1 
R2                                                 0002          2 
R3                                                 0003          3 
R4                                                 0004          4 
R5                                                 0005          5 
R6                                                 0006          6 
R7                                                 0007          7 
R8                                                 0008          8 
R9                                                 0009          9 
R10                                                000A          10 
R11                                                000B          11 
R12                                                000C          12 
R13                                                000D          13 
R14                                                000E          14 
R15                                                000F          15 
R16                                                0010          16 
R17                                                0011          17 
R18                                                0012          18 
R19                                                0013          19 
R20                                                0014          20 
R21                                                0015          21 
R22                                                0016          22 
R23                                                0017          23 
R24                                                0018          24 
R25                                                0019          25 
R26                                                001A          26 
R27                                                001B          27 
R28                                                001C          28 
R29                                                001D          29 
R30                                                001E          30 
R31                                                001F          31 
ADCD                             Word              0024          36 
COUNTER1                         Word              004C          76 
TIMER1                           Word              004C          76 
CAPTURE1                         Word              0046          70 
COMPARE1A                        Word              004A          74 
PWM1A                            Word              004A          74 
COMPARE1                         Word              004A          74 
PWM1B                            Word              0048          72 
COMPARE1B                        Word              0048          72 
ERR                              Bit [2]           0006          6 
TIMECOUNT                        Word              0060          96 
I                                Byte              0062          98 
L                                Byte(10)          0063          99 
LE                               Byte(10)          006D          109 
CHANNEL                          Byte              0077          119 
W                                Long              0078          120 
SS                               Byte              007C          124 
AD                               Long              007D          125 
S                                String(4) * 1     0081          129 
SA                               String * 5        0089          137 
SL                               Byte(4)           008F          143 

--------------------------------------------------------------------------------
Constant                         Value
--------------------------------------------------------------------------------
SREG                             &H3F
SPH                              &H3E
SPL                              &H3D
GIMSK                            &H3B
GICR                             &H3B
GIFR                             &H3A
TIMSK                            &H39
TIFR                             &H38
TIFR1                            &H38
SPMCR                            &H37
SPMCSR                           &H37
I2CR                             &H36
TWCR                             &H36
MCUCR                            &H35
MCUSR                            &H34
MCUCSR                           &H34
TCCR0                            &H33
TCNT0                            &H32
COUNTER0                         &H32
TIMER0                           &H32
OSCCAL                           &H31
SFIOR                            &H30
TCCR1A                           &H2F
TCCR1B                           &H2E
TCNT1H                           &H2D
TCNT1L                           &H2C
OCR1AH                           &H2B
OCR1AL                           &H2A
OCR1BH                           &H29
OCR1BL                           &H28
ICR1H                            &H27
ICR1L                            &H26
TCCR2                            &H25
TCNT2                            &H24
TIMER2                           &H24
COUNTER2                         &H24
OCR2                             &H23
PWM2                             &H23
COMPARE2                         &H23
ASSR                             &H22
WDTCR                            &H21
UBRRH                            &H20
UBRRHI                           &H20
EEARH                            &H1F
EEARL                            &H1E
EEDR                             &H1D
EECR                             &H1C
PORTB                            &H18
DDRB                             &H17
PINB                             &H16
PORTC                            &H15
DDRC                             &H14
PINC                             &H13
PORTD                            &H12
DDRD                             &H11
PIND                             &H10
SPDR                             &H0F
SPSR                             &H0E
SPCR                             &H0D
UDR                              &H0C
UCSRA                            &H0B
UCSR0A                           &H0B
USR                              &H0B
UCSRB                            &H0A
UCR                              &H0A
UCSRC                            &H20
UBRRL                            &H09
UBRR                             &H09
ACSR                             &H08
ADMUX                            &H07
ADCSR                            &H06
ADCSRA                           &H06
ADCH                             &H05
ADCL                             &H04
I2DR                             &H03
I2AR                             &H02
I2SR                             &H01
I2BR                             &H00
TWDR                             &H03
TWAR                             &H02
TWSR                             &H01
TWBR                             &H00
_ROMSIZE                         8192
_CHIP                            17
INT1                             7
INT0                             6
IVSEL                            1
IVCE                             0
INTF1                            7
INTF0                            6
TOIE0                            0
TOIE1                            2
OCIE1B                           3
OCIE1A                           4
TICIE1                           5
TOIE2                            6
OCIE2                            7
TOV0                             0
TOV1                             2
OCF1B                            3
OCF1A                            4
ICF1                             5
TOV2                             6
OCF2                             7
SPMIE                            7
RWWSB                            6
RWWSRE                           4
BLBSET                           3
PGWRT                            2
PGERS                            1
SPMEN                            0
SELFPRGEN                        0
SE                               7
SM2                              6
SM1                              5
SM0                              4
ISC11                            3
ISC10                            2
ISC01                            1
ISC00                            0
WDRF                             3
BORF                             2
EXTRF                            1
PORF                             0
CS02                             2
CS01                             1
CS00                             0
COM1A1                           7
COM1A0                           6
COM1B1                           5
COM1B0                           4
FOC1A                            3
FOC1B                            2
PWM11                            1
PWM10                            0
WGM11                            1
WGM10                            0
ICNC1                            7
ICES1                            6
CTC11                            4
CTC10                            3
WGM13                            4
WGM12                            3
CTC1                             3
CS12                             2
CS11                             1
CS10                             0
FOC2                             7
PWM2BIT                          6
WGM20                            6
COM21                            5
COM20                            4
CTC2                             3
WGM21                            3
CS22                             2
CS21                             1
CS20                             0
ADHSM                            4
ACME                             3
PUD                              2
PSR2                             1
PSR10                            0
WDCE                             4
WDTOE                            4
WDE                              3
WDP2                             2
WDP1                             1
WDP0                             0
EERIE                            3
EEMWE                            2
EEWE                             1
EEPE                             1
EERE                             0
PB7                              7
PB6                              6
PB5                              5
PB4                              4
PB3                              3
PB2                              2
PB1                              1
PB0                              0
DDB7                             7
DDB6                             6
DDB5                             5
DDB4                             4
DDB3                             3
DDB2                             2
DDB1                             1
DDB0                             0
PINB7                            7
PINB6                            6
PINB5                            5
PINB4                            4
PINB3                            3
PINB2                            2
PINB1                            1
PINB0                            0
PC6                              6
PC5                              5
PC4                              4
PC3                              3
PC2                              2
PC1                              1
PC0                              0
DDC6                             6
DDC5                             5
DDC4                             4
DDC3                             3
DDC2                             2
DDC1                             1
DDC0                             0
PINC6                            6
PINC5                            5
PINC4                            4
PINC3                            3
PINC2                            2
PINC1                            1
PINC0                            0
PD7                              7
PD6                              6
PD5                              5
PD4                              4
PD3                              3
PD2                              2
PD1                              1
PD0                              0
DDD7                             7
DDD6                             6
DDD5                             5
DDD4                             4
DDD3                             3
DDD2                             2
DDD1                             1
DDD0                             0
PIND7                            7
PIND6                            6
PIND5                            5
PIND4                            4
PIND3                            3
PIND2                            2
PIND1                            1
PIND0                            0
RXC                              7
TXC                              6
UDRE                             5
FE                               4
OR                               3
DOR                              3
UPE                              2
PE                               2
U2X                              1
MPCM                             0
RXCIE                            7
TXCIE                            6
UDRIE                            5
RXEN                             4
TXEN                             3
CHR9                             2
UCSZ2                            2
RXB8                             1
TXB8                             0
URSEL                            7
UMSEL                            6
UPM1                             5
UPM0                             4
USBS                             3
UCSZ1                            2
UCSZ0                            1
UCPOL                            0
SPIE                             7
SPE                              6
DORD                             5
MSTR                             4
CPOL                             3
CPHA                             2
SPR1                             1
SPR0                             0
SPIF                             7
WCOL                             6
SPI2X                            0
ACD                              7
ACBG                             6
ACO                              5
ACI                              4
ACIE                             3
ACIC                             2
ACIS1                            1
ACIS0                            0
REFS1                            7
REFS0                            6
ADLAR                            5
MUX3                             3
MUX2                             2
MUX1                             1
MUX0                             0
ADEN                             7
ADSC                             6
ADFR                             5
ADIF                             4
ADIE                             3
ADPS2                            2
ADPS1                            1
ADPS0                            0
TWINT                            7
TWEA                             6
TWSTA                            5
TWSTO                            4
TWWC                             3
TWEN                             2
TWIE                             0
TWA6                             7
TWA5                             6
TWA4                             5
TWA3                             4
TWA2                             3
TWA1                             2
TWA0                             1
TWGCE                            0
TWS7                             7
TWS6                             6
TWS5                             5
TWS4                             4
TWS3                             3
TWPS1                            1
TWPS0                            0
AS2                              3
TCN2UB                           2
OCR2UB                           1
TCR2UB                           0
_RESET                           0
_DATE_FORMAT                     0
_DATE_SEPARATOR                  92
_GSTRBUF                         1032
_DECIMALPOINT                    46
_RTSCTS                          0
_RTSCTS1                         0
_RTSCTS3                         0
_RTSCTS4                         0
_RTSCTS5                         0
_RTSCTS6                         0
_RTSCTS7                         0
_RTSCTS8                         0
_RAMSIZE                         1024
_ERAMSIZE                        512
_SIM                             0
_HUGE                            0
_BASE                            1
_XTAL                            4000000
_BUILD                           20850
_COMPILER                        90
_HWMUL                           1
_DOSFILEWRITE                    0
_DOSDIRWRITE                     0
_1WEXT                           0
_ADC_REFMODEL                    8
_UARTS                           1
_HWSTACKSTART                    1119
_TIMEOUT                         0
_PBIN_EXTENDED                   0
_SPI_EXTENDED                    0
_INPBIN_EXTENDED                 0
_BIGSTRINGS                      0
SEROUT_EXTPULL                   1
_FPROTECT                        0
_HWSTACK_LOW                     &H0437
_SWSTACK_LOW                     &H0428
_FRAME_HIGH                      &H0429
_HAVEMOVW                        1
_XMEGA                           0
_XTINY                           0
CBITINFINITY                     0
CMBITINFINITY                    1
CBITZERO                         1
CMBITZERO                        2
CBITNAN                          2
CMBITNAN                         4
CBITNANIFINF                     3
CMBITNANIFINF                    8
CBITNANIFMINUS                   4
CMBITNANIFMINUS                  16
CBITSIGN                         7
CMBITSIGN                        128
CEXPADDOFFSET                    0
CEXPSUBOFFSET                    12
CEXPMULOFFSET                    24
CEXPDIVOFFSET                    36


--------------------------------------------------------------------------------
Warnings:
--------------------------------------------------------------------------------
ADCD                             not used
COMPARE1                         not used

Source string could be too big to fit into target string [SA>___STRBUF]  in line  87 
Source string could be too big to fit into target string [SA>___STRBUF]  in line  120 
Source string could be too big to fit into target string [SA>___STRBUF]  in line  158 
